{
  "RSpec": {
    "coverage": {
      "/Users/thaar/Documents/dev/tyne/config/environment.rb": [
        null,
        1,
        null,
        null,
        1
      ],
      "/Users/thaar/Documents/dev/tyne/config/application.rb": [
        1,
        null,
        null,
        1,
        1,
        1,
        1,
        1,
        null,
        null,
        1,
        null,
        1,
        null,
        null,
        null,
        null,
        1,
        1,
        null,
        null,
        null,
        null,
        null,
        null,
        null,
        null,
        null,
        null,
        null,
        null,
        null,
        null,
        null,
        null,
        null,
        null,
        null,
        null,
        null,
        null,
        null,
        1,
        null,
        null,
        1,
        null,
        null,
        1,
        null,
        null,
        1,
        null,
        1,
        2,
        null,
        null,
        null
      ],
      "/Users/thaar/Documents/dev/tyne/config/boot.rb": [
        1,
        null,
        null,
        1,
        null,
        1
      ],
      "/Users/thaar/Documents/dev/tyne/config/environments/test.rb": [
        1,
        null,
        null,
        null,
        null,
        null,
        null,
        1,
        null,
        null,
        1,
        1,
        null,
        null,
        1,
        null,
        null,
        1,
        1,
        null,
        null,
        1,
        null,
        null,
        1,
        null,
        null,
        null,
        null,
        1,
        null,
        null,
        null,
        null,
        null,
        null,
        null,
        1,
        null
      ],
      "/Users/thaar/Documents/dev/tyne/config/initializers/backtrace_silencers.rb": [
        null,
        null,
        null,
        null,
        null,
        null,
        null
      ],
      "/Users/thaar/Documents/dev/tyne/config/initializers/inflections.rb": [
        null,
        null,
        null,
        null,
        null,
        null,
        null,
        null,
        null,
        null
      ],
      "/Users/thaar/Documents/dev/tyne/config/initializers/mime_types.rb": [
        null,
        null,
        null,
        null,
        null
      ],
      "/Users/thaar/Documents/dev/tyne/config/initializers/secret_token.rb": [
        null,
        null,
        null,
        null,
        null,
        null,
        1
      ],
      "/Users/thaar/Documents/dev/tyne/config/initializers/session_store.rb": [
        null,
        null,
        1,
        null,
        null,
        null,
        null,
        null
      ],
      "/Users/thaar/Documents/dev/tyne/config/initializers/wrap_parameters.rb": [
        null,
        null,
        null,
        null,
        null,
        null,
        1,
        1,
        null,
        null,
        null,
        1,
        1,
        null
      ],
      "/Users/thaar/Documents/dev/tyne/app/controllers/application_controller.rb": [
        1,
        1,
        null
      ],
      "/Users/thaar/Documents/dev/tyne/app/helpers/application_helper.rb": [
        1,
        1,
        5,
        5,
        null,
        5,
        null,
        null,
        1,
        3,
        null,
        null,
        1,
        2,
        null,
        null,
        1,
        3,
        null,
        null
      ],
      "/Users/thaar/Documents/dev/tyne/app/helpers/tickets_helper.rb": [
        1,
        1,
        2,
        2,
        2,
        null,
        2,
        null,
        2,
        null,
        null
      ],
      "/Users/thaar/Documents/dev/tyne/app/controllers/tickets_controller.rb": [
        1,
        null
      ],
      "/Users/thaar/Documents/dev/tyne/app/models/ticket.rb": [
        1,
        1,
        null
      ],
      "/Users/thaar/Documents/dev/tyne/config/routes.rb": [
        1,
        1,
        null,
        1,
        null,
        null
      ]
    },
    "timestamp": 1322962848
  }
}
